<?xml version="1.0" encoding="UTF-8"?>
<!-- Generated by org.testng.reporters.JUnitReportReporter -->
<testsuite hostname="BSC-C3SR6C2" failures="0" tests="1" name="org.simplilearn.workshop.admin.adminUserAccountInfoBlock" time="15.063" errors="0" timestamp="10 May 2021 19:18:57 GMT" skipped="0">
  <testcase classname="org.simplilearn.workshop.admin.adminUserAccountInfoBlock" name="adminSetFeature" time="15.063"/>
</testsuite> <!-- org.simplilearn.workshop.admin.adminUserAccountInfoBlock -->
