<?xml version="1.0" encoding="UTF-8"?>
<!-- Generated by org.testng.reporters.JUnitReportReporter -->
<testsuite hostname="BSC-C3SR6C2" failures="0" tests="2" name="org.simplilearn.workshop.admin.adminKycTest" time="52.917" errors="0" timestamp="30 May 2021 07:26:07 GMT" skipped="0">
  <testcase classname="org.simplilearn.workshop.admin.adminKycTest" name="kycAccept" time="31.112"/>
  <testcase classname="org.simplilearn.workshop.admin.adminKycTest" name="kycReject" time="21.805"/>
</testsuite> <!-- org.simplilearn.workshop.admin.adminKycTest -->
