<?xml version="1.0" encoding="UTF-8"?>
<!-- Generated by org.testng.reporters.JUnitReportReporter -->
<testsuite hostname="BSC-C3SR6C2" failures="0" tests="8" name="org.simplilearn.workshop.user.userDashboardTest" time="135.317" errors="0" timestamp="30 May 2021 07:26:07 GMT" skipped="0">
  <testcase classname="org.simplilearn.workshop.user.userDashboardTest" name="deposit" time="16.919"/>
  <testcase classname="org.simplilearn.workshop.user.userDashboardTest" name="withdraw" time="16.950"/>
  <testcase classname="org.simplilearn.workshop.user.userDashboardTest" name="transfer" time="17.847"/>
  <testcase classname="org.simplilearn.workshop.user.userDashboardTest" name="requestChequeBook" time="16.574"/>
  <testcase classname="org.simplilearn.workshop.user.userDashboardTest" name="transactionHistory" time="16.177"/>
  <testcase classname="org.simplilearn.workshop.user.userDashboardTest" name="transferHistory" time="15.695"/>
  <testcase classname="org.simplilearn.workshop.user.userDashboardTest" name="editProfile" time="17.248"/>
  <testcase classname="org.simplilearn.workshop.user.userDashboardTest" name="changePassword" time="17.907"/>
</testsuite> <!-- org.simplilearn.workshop.user.userDashboardTest -->
